#
# A fatal error has been detected by the Java Runtime Environment:
#
#  SIGSEGV (0xb) at pc=0x00007fffb3612ec9, pid=43577, tid=0x0000000000004d0f
#
# JRE version: Java(TM) SE Runtime Environment (8.0_161-b12) (build 1.8.0_161-b12)
# Java VM: Java HotSpot(TM) 64-Bit Server VM (25.161-b12 mixed mode bsd-amd64 compressed oops)
# Problematic frame:
# C  [libsystem_platform.dylib+0x5ec9]  _platform_memmove$VARIANT$Haswell+0x29
#
# Failed to write core dump. Core dumps have been disabled. To enable core dumping, try "ulimit -c unlimited" before starting Java again
#
# If you would like to submit a bug report, please visit:
#   http://bugreport.java.com/bugreport/crash.jsp
# The crash happened outside the Java Virtual Machine in native code.
# See problematic frame for where to report the bug.
#

---------------  T H R E A D  ---------------

Current thread (0x00007f8483c9c800):  JavaThread "restartedMain" [_thread_in_native, id=19727, stack(0x000070000a571000,0x000070000a671000)]

siginfo: si_signo: 11 (SIGSEGV), si_code: 1 (SEGV_MAPERR), si_addr: 0x000000010b301000

Registers:
RAX=0x00007f84837ce202, RBX=0x000000010b2ed313, RCX=0x0000000000006f2d, RDX=0x000000000000ae52
RSP=0x000070000a66e230, RBP=0x000070000a66e230, RSI=0x000000010b301000, RDI=0x00007f84837d2127
R8 =0x000000000000ae54, R9 =0x00007f84837ce200, R10=0x0000000000000000, R11=0x00007f83784d1127
R12=0x000000002db4339e, R13=0x00000000753ea15c, R14=0x000000004d0ab627, R15=0x000000000000ae52
RIP=0x00007fffb3612ec9, EFLAGS=0x0000000000010202, ERR=0x0000000000000004
  TRAPNO=0x000000000000000e

Top of Stack: (sp=0x000070000a66e230)
0x000070000a66e230:   000070000a66e2a0 00000001016ac05f
0x000070000a66e240:   00000052000018be 00000000000000ae
0x000070000a66e250:   000000000000c3e3 00007f84837be400
0x000070000a66e260:   000000000000fd9a 00007f847e544570
0x000070000a66e270:   00007f8480b75200 00007f847e544570
0x000070000a66e280:   00007f847e544710 0000000000000000
0x000070000a66e290:   000000005bbd78a2 00007f8480b3b970
0x000070000a66e2a0:   000070000a66e300 00000001016ac52d
0x000070000a66e2b0:   000070000a66e333 000070000a66e332
0x000070000a66e2c0:   0000001300000000 0000001401c9c800
0x000070000a66e2d0:   000070000a66e31e 000070000a66e768
0x000070000a66e2e0:   0000000000000014 000070000a66e31e
0x000070000a66e2f0:   00007f847e544570 00007f8483c9c9f8
0x000070000a66e300:   000070000a66e750 00000001016ab238
0x000070000a66e310:   00000001080737b0 454d000000000001
0x000070000a66e320:   4d2f464e492d4154 2e54534546494e41
0x000070000a66e330:   000070000a00464d 00007f8483c9c800
0x000070000a66e340:   000070000a66e360 0000000102143e3e
0x000070000a66e350:   00000001080737b0 00007f8483c9c800
0x000070000a66e360:   000070000a66f050 0000000102143702
0x000070000a66e370:   000000010ca08d10 00007f8483c9c800
0x000070000a66e380:   0000000102505d62 0000000380ab5218
0x000070000a66e390:   00007f8483c9c9d8 000000010ca08d10
0x000070000a66e3a0:   000000c100000000 00000007990dce28
0x000070000a66e3b0:   000070000a66e600 000000010cedb494
0x000070000a66e3c0:   0000000100000000 000070000a66f5d8
0x000070000a66e3d0:   000070000a66f510 00007f8483c9c800
0x000070000a66e3e0:   000070000a66ea40 00007f8483c9c800
0x000070000a66e3f0:   000070000a66e410 0000000102143e3e
0x000070000a66e400:   00000001080737b0 00007f8483c9c800
0x000070000a66e410:   000070000a66f100 00000007990dce28
0x000070000a66e420:   00000007990dd0a8 00007f8483c9c800 

Instructions: (pc=0x00007fffb3612ec9)
0x00007fffb3612ea9:   f3 48 89 f8 49 39 d3 72 1b 48 83 fa 60 76 2f 48
0x00007fffb3612eb9:   81 fa 00 40 00 00 0f 82 bb 00 00 00 48 89 d1 fc
0x00007fffb3612ec9:   f3 a4 5d c3 48 39 fe 74 f9 48 01 d6 48 01 d7 48
0x00007fffb3612ed9:   83 fa 60 0f 82 5c 01 00 00 e9 79 01 00 00 48 83 

Register to memory mapping:

RAX=0x00007f84837ce202 is an unknown value
RBX=0x000000010b2ed313 is an unknown value
RCX=0x0000000000006f2d is an unknown value
RDX=0x000000000000ae52 is an unknown value
RSP=0x000070000a66e230 is pointing into the stack for thread: 0x00007f8483c9c800
RBP=0x000070000a66e230 is pointing into the stack for thread: 0x00007f8483c9c800
RSI=0x000000010b301000 is an unknown value
RDI=0x00007f84837d2127 is an unknown value
R8 =0x000000000000ae54 is an unknown value
R9 =0x00007f84837ce200 is an unknown value
R10=0x0000000000000000 is an unknown value
R11=0x00007f83784d1127 is an unknown value
R12=0x000000002db4339e is an unknown value
R13=0x00000000753ea15c is an unknown value
R14=0x000000004d0ab627 is an unknown value
R15=0x000000000000ae52 is an unknown value


Stack: [0x000070000a571000,0x000070000a671000],  sp=0x000070000a66e230,  free space=1012k
Native frames: (J=compiled Java code, j=interpreted, Vv=VM code, C=native code)
C  [libsystem_platform.dylib+0x5ec9]  _platform_memmove$VARIANT$Haswell+0x29
C  [libzip.dylib+0x305f]  newEntry+0x321
C  [libzip.dylib+0x352d]  ZIP_GetEntry2+0xd4
C  [libzip.dylib+0x2238]  Java_java_util_zip_ZipFile_getEntry+0xcf
J 99  java.util.zip.ZipFile.getEntry(J[BZ)J (0 bytes) @ 0x000000010c9b330e [0x000000010c9b3240+0xce]
J 3385 C2 sun.misc.URLClassPath$JarLoader.getResource(Ljava/lang/String;Z)Lsun/misc/Resource; (85 bytes) @ 0x000000010d313a88 [0x000000010d3135a0+0x4e8]
J 897 C2 sun.misc.URLClassPath$JarLoader.findResource(Ljava/lang/String;Z)Ljava/net/URL; (18 bytes) @ 0x000000010cbaf794 [0x000000010cbaf760+0x34]
J 1827 C1 sun.misc.URLClassPath$1.next()Z (63 bytes) @ 0x000000010cec13cc [0x000000010cec1260+0x16c]
j  sun.misc.URLClassPath$1.hasMoreElements()Z+1
J 4592 C1 java.net.URLClassLoader$3$1.run()Ljava/lang/Object; (5 bytes) @ 0x000000010cad9524 [0x000000010cad94a0+0x84]
v  ~StubRoutines::call_stub
V  [libjvm.dylib+0x2ef9aa]
V  [libjvm.dylib+0x35019c]
J 1491  java.security.AccessController.doPrivileged(Ljava/security/PrivilegedAction;Ljava/security/AccessControlContext;)Ljava/lang/Object; (0 bytes) @ 0x000000010cd801d5 [0x000000010cd80100+0xd5]
J 4590 C1 java.net.URLClassLoader$3.next()Z (73 bytes) @ 0x000000010d4fdc44 [0x000000010d4fdaa0+0x1a4]
J 3649 C1 java.net.URLClassLoader$3.hasMoreElements()Z (5 bytes) @ 0x000000010cec6324 [0x000000010cec62c0+0x64]
J 5148 C1 sun.misc.CompoundEnumeration.next()Z (58 bytes) @ 0x000000010d647f04 [0x000000010d647d60+0x1a4]
J 4589 C1 sun.misc.CompoundEnumeration.hasMoreElements()Z (5 bytes) @ 0x000000010d4fd764 [0x000000010d4fd700+0x64]
j  org.springframework.boot.system.ApplicationHome.getStartClass(Ljava/util/Enumeration;)Ljava/lang/Class;+1
j  org.springframework.boot.system.ApplicationHome.getStartClass()Ljava/lang/Class;+15
j  org.springframework.boot.system.ApplicationHome.<init>(Ljava/lang/Class;)V+15
j  org.springframework.boot.system.ApplicationTemp.generateHash(Ljava/lang/Class;)[B+5
j  org.springframework.boot.system.ApplicationTemp.getDir()Ljava/io/File;+16
j  org.springframework.boot.system.ApplicationTemp.getDir(Ljava/lang/String;)Ljava/io/File;+5
j  org.springframework.boot.web.servlet.server.SessionStoreDirectory.getValidDirectory(Z)Ljava/io/File;+18
j  org.springframework.boot.web.servlet.server.AbstractServletWebServerFactory.getValidSessionStoreDir(Z)Ljava/io/File;+8
j  org.springframework.boot.web.servlet.server.AbstractServletWebServerFactory.getValidSessionStoreDir()Ljava/io/File;+2
j  org.springframework.boot.web.embedded.tomcat.TomcatServletWebServerFactory.configurePersistSession(Lorg/apache/catalina/Manager;)V+14
j  org.springframework.boot.web.embedded.tomcat.TomcatServletWebServerFactory.configureSession(Lorg/apache/catalina/Context;)V+56
j  org.springframework.boot.web.embedded.tomcat.TomcatServletWebServerFactory.configureContext(Lorg/apache/catalina/Context;[Lorg/springframework/boot/web/servlet/ServletContextInitializer;)V+228
j  org.springframework.boot.web.embedded.tomcat.TomcatServletWebServerFactory.prepareContext(Lorg/apache/catalina/Host;[Lorg/springframework/boot/web/servlet/ServletContextInitializer;)V+254
j  org.springframework.boot.web.embedded.tomcat.TomcatServletWebServerFactory.getWebServer([Lorg/springframework/boot/web/servlet/ServletContextInitializer;)Lorg/springframework/boot/web/server/WebServer;+144
j  org.springframework.boot.web.servlet.context.ServletWebServerApplicationContext.createWebServer()V+36
j  org.springframework.boot.web.servlet.context.ServletWebServerApplicationContext.onRefresh()V+5
j  org.springframework.context.support.AbstractApplicationContext.refresh()V+45
j  org.springframework.boot.web.servlet.context.ServletWebServerApplicationContext.refresh()V+1
j  org.springframework.boot.SpringApplication.refresh(Lorg/springframework/context/ApplicationContext;)V+10
j  org.springframework.boot.SpringApplication.refreshContext(Lorg/springframework/context/ConfigurableApplicationContext;)V+2
j  org.springframework.boot.SpringApplication.run([Ljava/lang/String;)Lorg/springframework/context/ConfigurableApplicationContext;+118
j  org.springframework.boot.SpringApplication.run([Ljava/lang/Class;[Ljava/lang/String;)Lorg/springframework/context/ConfigurableApplicationContext;+9
j  org.springframework.boot.SpringApplication.run(Ljava/lang/Class;[Ljava/lang/String;)Lorg/springframework/context/ConfigurableApplicationContext;+9
j  com.sg.powerball.App.main([Ljava/lang/String;)V+3
v  ~StubRoutines::call_stub
V  [libjvm.dylib+0x2ef9aa]
V  [libjvm.dylib+0x4d5be0]
V  [libjvm.dylib+0x4d6114]
V  [libjvm.dylib+0x347e2c]
J 1719  sun.reflect.NativeMethodAccessorImpl.invoke0(Ljava/lang/reflect/Method;Ljava/lang/Object;[Ljava/lang/Object;)Ljava/lang/Object; (0 bytes) @ 0x000000010ce412ed [0x000000010ce41200+0xed]
J 1718 C1 sun.reflect.NativeMethodAccessorImpl.invoke(Ljava/lang/Object;[Ljava/lang/Object;)Ljava/lang/Object; (104 bytes) @ 0x000000010ce48d14 [0x000000010ce47b40+0x11d4]
J 1735 C2 java.lang.reflect.Method.invoke(Ljava/lang/Object;[Ljava/lang/Object;)Ljava/lang/Object; (62 bytes) @ 0x000000010ce577a8 [0x000000010ce57700+0xa8]
j  org.springframework.boot.devtools.restart.RestartLauncher.run()V+41
v  ~StubRoutines::call_stub
V  [libjvm.dylib+0x2ef9aa]
V  [libjvm.dylib+0x2f014e]
V  [libjvm.dylib+0x2f02fa]
V  [libjvm.dylib+0x34aae5]
V  [libjvm.dylib+0x56edef]
V  [libjvm.dylib+0x5704ea]
V  [libjvm.dylib+0x48d83a]
C  [libsystem_pthread.dylib+0x393b]  _pthread_body+0xb4
C  [libsystem_pthread.dylib+0x3887]  _pthread_body+0x0
C  [libsystem_pthread.dylib+0x308d]  thread_start+0xd
C  0x0000000000000000

Java frames: (J=compiled Java code, j=interpreted, Vv=VM code)
J 99  java.util.zip.ZipFile.getEntry(J[BZ)J (0 bytes) @ 0x000000010c9b3298 [0x000000010c9b3240+0x58]
J 3385 C2 sun.misc.URLClassPath$JarLoader.getResource(Ljava/lang/String;Z)Lsun/misc/Resource; (85 bytes) @ 0x000000010d313a88 [0x000000010d3135a0+0x4e8]
J 897 C2 sun.misc.URLClassPath$JarLoader.findResource(Ljava/lang/String;Z)Ljava/net/URL; (18 bytes) @ 0x000000010cbaf794 [0x000000010cbaf760+0x34]
J 1827 C1 sun.misc.URLClassPath$1.next()Z (63 bytes) @ 0x000000010cec13cc [0x000000010cec1260+0x16c]
j  sun.misc.URLClassPath$1.hasMoreElements()Z+1
J 4592 C1 java.net.URLClassLoader$3$1.run()Ljava/lang/Object; (5 bytes) @ 0x000000010cad9524 [0x000000010cad94a0+0x84]
v  ~StubRoutines::call_stub
J 1491  java.security.AccessController.doPrivileged(Ljava/security/PrivilegedAction;Ljava/security/AccessControlContext;)Ljava/lang/Object; (0 bytes) @ 0x000000010cd80163 [0x000000010cd80100+0x63]
J 4590 C1 java.net.URLClassLoader$3.next()Z (73 bytes) @ 0x000000010d4fdc44 [0x000000010d4fdaa0+0x1a4]
J 3649 C1 java.net.URLClassLoader$3.hasMoreElements()Z (5 bytes) @ 0x000000010cec6324 [0x000000010cec62c0+0x64]
J 5148 C1 sun.misc.CompoundEnumeration.next()Z (58 bytes) @ 0x000000010d647f04 [0x000000010d647d60+0x1a4]
J 4589 C1 sun.misc.CompoundEnumeration.hasMoreElements()Z (5 bytes) @ 0x000000010d4fd764 [0x000000010d4fd700+0x64]
j  org.springframework.boot.system.ApplicationHome.getStartClass(Ljava/util/Enumeration;)Ljava/lang/Class;+1
j  org.springframework.boot.system.ApplicationHome.getStartClass()Ljava/lang/Class;+15
j  org.springframework.boot.system.ApplicationHome.<init>(Ljava/lang/Class;)V+15
j  org.springframework.boot.system.ApplicationTemp.generateHash(Ljava/lang/Class;)[B+5
j  org.springframework.boot.system.ApplicationTemp.getDir()Ljava/io/File;+16
j  org.springframework.boot.system.ApplicationTemp.getDir(Ljava/lang/String;)Ljava/io/File;+5
j  org.springframework.boot.web.servlet.server.SessionStoreDirectory.getValidDirectory(Z)Ljava/io/File;+18
j  org.springframework.boot.web.servlet.server.AbstractServletWebServerFactory.getValidSessionStoreDir(Z)Ljava/io/File;+8
j  org.springframework.boot.web.servlet.server.AbstractServletWebServerFactory.getValidSessionStoreDir()Ljava/io/File;+2
j  org.springframework.boot.web.embedded.tomcat.TomcatServletWebServerFactory.configurePersistSession(Lorg/apache/catalina/Manager;)V+14
j  org.springframework.boot.web.embedded.tomcat.TomcatServletWebServerFactory.configureSession(Lorg/apache/catalina/Context;)V+56
j  org.springframework.boot.web.embedded.tomcat.TomcatServletWebServerFactory.configureContext(Lorg/apache/catalina/Context;[Lorg/springframework/boot/web/servlet/ServletContextInitializer;)V+228
j  org.springframework.boot.web.embedded.tomcat.TomcatServletWebServerFactory.prepareContext(Lorg/apache/catalina/Host;[Lorg/springframework/boot/web/servlet/ServletContextInitializer;)V+254
j  org.springframework.boot.web.embedded.tomcat.TomcatServletWebServerFactory.getWebServer([Lorg/springframework/boot/web/servlet/ServletContextInitializer;)Lorg/springframework/boot/web/server/WebServer;+144
j  org.springframework.boot.web.servlet.context.ServletWebServerApplicationContext.createWebServer()V+36
j  org.springframework.boot.web.servlet.context.ServletWebServerApplicationContext.onRefresh()V+5
j  org.springframework.context.support.AbstractApplicationContext.refresh()V+45
j  org.springframework.boot.web.servlet.context.ServletWebServerApplicationContext.refresh()V+1
j  org.springframework.boot.SpringApplication.refresh(Lorg/springframework/context/ApplicationContext;)V+10
j  org.springframework.boot.SpringApplication.refreshContext(Lorg/springframework/context/ConfigurableApplicationContext;)V+2
j  org.springframework.boot.SpringApplication.run([Ljava/lang/String;)Lorg/springframework/context/ConfigurableApplicationContext;+118
j  org.springframework.boot.SpringApplication.run([Ljava/lang/Class;[Ljava/lang/String;)Lorg/springframework/context/ConfigurableApplicationContext;+9
j  org.springframework.boot.SpringApplication.run(Ljava/lang/Class;[Ljava/lang/String;)Lorg/springframework/context/ConfigurableApplicationContext;+9
j  com.sg.powerball.App.main([Ljava/lang/String;)V+3
v  ~StubRoutines::call_stub
J 1719  sun.reflect.NativeMethodAccessorImpl.invoke0(Ljava/lang/reflect/Method;Ljava/lang/Object;[Ljava/lang/Object;)Ljava/lang/Object; (0 bytes) @ 0x000000010ce41277 [0x000000010ce41200+0x77]
J 1718 C1 sun.reflect.NativeMethodAccessorImpl.invoke(Ljava/lang/Object;[Ljava/lang/Object;)Ljava/lang/Object; (104 bytes) @ 0x000000010ce48d14 [0x000000010ce47b40+0x11d4]
J 1735 C2 java.lang.reflect.Method.invoke(Ljava/lang/Object;[Ljava/lang/Object;)Ljava/lang/Object; (62 bytes) @ 0x000000010ce577a8 [0x000000010ce57700+0xa8]
j  org.springframework.boot.devtools.restart.RestartLauncher.run()V+41
v  ~StubRoutines::call_stub

---------------  P R O C E S S  ---------------

Java Threads: ( => current thread )
=>0x00007f8483c9c800 JavaThread "restartedMain" [_thread_in_native, id=19727, stack(0x000070000a571000,0x000070000a671000)]
  0x00007f84831ec000 JavaThread "Thread-10" [_thread_blocked, id=29967, stack(0x000070000a46e000,0x000070000a56e000)]
  0x00007f848389d800 JavaThread "DestroyJavaVM" [_thread_blocked, id=7171, stack(0x0000700009644000,0x0000700009744000)]
  0x00007f84838fa000 JavaThread "Live Reload Server" daemon [_thread_in_native, id=22791, stack(0x000070000ac86000,0x000070000ad86000)]
  0x00007f8482023000 JavaThread "Abandoned connection cleanup thread" daemon [_thread_blocked, id=21763, stack(0x000070000aa80000,0x000070000ab80000)]
  0x00007f847f060000 JavaThread "Service Thread" daemon [_thread_blocked, id=18691, stack(0x000070000a268000,0x000070000a368000)]
  0x00007f847e826000 JavaThread "C1 CompilerThread2" daemon [_thread_blocked, id=18179, stack(0x000070000a165000,0x000070000a265000)]
  0x00007f847e81f800 JavaThread "C2 CompilerThread1" daemon [_thread_in_native, id=17667, stack(0x000070000a062000,0x000070000a162000)]
  0x00007f8480009800 JavaThread "C2 CompilerThread0" daemon [_thread_in_native, id=17155, stack(0x0000700009f5f000,0x000070000a05f000)]
  0x00007f847f07a000 JavaThread "Signal Dispatcher" daemon [_thread_blocked, id=16643, stack(0x0000700009e5c000,0x0000700009f5c000)]
  0x00007f847f031800 JavaThread "Finalizer" daemon [_thread_blocked, id=12547, stack(0x0000700009d59000,0x0000700009e59000)]
  0x00007f847f815000 JavaThread "Reference Handler" daemon [_thread_blocked, id=12035, stack(0x0000700009c56000,0x0000700009d56000)]

Other Threads:
  0x00007f847f02c800 VMThread [stack: 0x0000700009b53000,0x0000700009c53000] [id=11523]
  0x00007f847f07b000 WatcherThread [stack: 0x000070000a36b000,0x000070000a46b000] [id=19203]

VM state:not at safepoint (normal execution)

VM Mutex/Monitor currently owned by a thread: None

Heap:
 PSYoungGen      total 173568K, used 60887K [0x0000000795580000, 0x00000007a0e00000, 0x00000007c0000000)
  eden space 159232K, 38% used [0x0000000795580000,0x00000007990f5f90,0x000000079f100000)
  from space 14336K, 0% used [0x00000007a0000000,0x00000007a0000000,0x00000007a0e00000)
  to   space 14848K, 0% used [0x000000079f100000,0x000000079f100000,0x000000079ff80000)
 ParOldGen       total 73216K, used 23186K [0x0000000740000000, 0x0000000744780000, 0x0000000795580000)
  object space 73216K, 31% used [0x0000000740000000,0x00000007416a4a58,0x0000000744780000)
 Metaspace       used 40575K, capacity 42496K, committed 42792K, reserved 1087488K
  class space    used 5169K, capacity 5562K, committed 5672K, reserved 1048576K

Card table byte_map: [0x000000010336e000,0x000000010376f000] byte_map_base: 0x00000000ff96e000

Marking Bits: (ParMarkBitMap*) 0x00000001028f76c0
 Begin Bits: [0x0000000103a1a000, 0x0000000105a1a000)
 End Bits:   [0x0000000105a1a000, 0x0000000107a1a000)

Polling page: 0x000000010169f000

CodeCache: size=245760Kb used=14178Kb max_used=14365Kb free=231582Kb
 bounds [0x000000010c881000, 0x000000010d6a1000, 0x000000011b881000]
 total_blobs=4952 nmethods=4505 adapters=360
 compilation: enabled

Compilation events (10 events):
Event: 201.952 Thread 0x00007f847e826000 5278       2       java.util.jar.Manifest$FastInputStream::<init> (9 bytes)
Event: 201.952 Thread 0x00007f847e826000 nmethod 5278 0x000000010d260610 code [0x000000010d260780, 0x000000010d260990]
Event: 201.952 Thread 0x00007f847e826000 5279       2       java.util.jar.Manifest$FastInputStream::<init> (23 bytes)
Event: 201.952 Thread 0x00007f847e826000 nmethod 5279 0x000000010d2601d0 code [0x000000010d260340, 0x000000010d260550]
Event: 201.958 Thread 0x00007f847e826000 5280       2       java.util.jar.Attributes::getValue (16 bytes)
Event: 201.958 Thread 0x00007f847e826000 nmethod 5280 0x000000010d25fd10 code [0x000000010d25fe80, 0x000000010d2600b8]
Event: 201.962 Thread 0x00007f847e826000 5281       2       java.util.jar.Manifest::read (328 bytes)
Event: 201.963 Thread 0x00007f847e826000 nmethod 5281 0x000000010d687f10 code [0x000000010d6881e0, 0x000000010d689118]
Event: 201.964 Thread 0x00007f847e826000 5282       2       java.util.jar.Attributes::<init> (7 bytes)
Event: 201.964 Thread 0x00007f847e826000 nmethod 5282 0x000000010d25f890 code [0x000000010d25fa20, 0x000000010d25fc28]

GC Heap History (10 events):
Event: 100.353 GC heap before
{Heap before GC invocations=12 (full 2):
 PSYoungGen      total 123904K, used 111104K [0x0000000795580000, 0x00000007a1400000, 0x00000007c0000000)
  eden space 111104K, 100% used [0x0000000795580000,0x000000079c200000,0x000000079c200000)
  from space 12800K, 0% used [0x000000079c200000,0x000000079c200000,0x000000079ce80000)
  to   space 14336K, 0% used [0x00000007a0600000,0x00000007a0600000,0x00000007a1400000)
 ParOldGen       total 73216K, used 21617K [0x0000000740000000, 0x0000000744780000, 0x0000000795580000)
  object space 73216K, 29% used [0x0000000740000000,0x000000074151c558,0x0000000744780000)
 Metaspace       used 39533K, capacity 41284K, committed 41384K, reserved 1085440K
  class space    used 5113K, capacity 5477K, committed 5544K, reserved 1048576K
Event: 100.373 GC heap after
Heap after GC invocations=12 (full 2):
 PSYoungGen      total 169472K, used 9766K [0x0000000795580000, 0x00000007a1000000, 0x00000007c0000000)
  eden space 159232K, 0% used [0x0000000795580000,0x0000000795580000,0x000000079f100000)
  from space 10240K, 95% used [0x00000007a0600000,0x00000007a0f89870,0x00000007a1000000)
  to   space 14848K, 0% used [0x000000079f300000,0x000000079f300000,0x00000007a0180000)
 ParOldGen       total 73216K, used 21625K [0x0000000740000000, 0x0000000744780000, 0x0000000795580000)
  object space 73216K, 29% used [0x0000000740000000,0x000000074151e558,0x0000000744780000)
 Metaspace       used 39533K, capacity 41284K, committed 41384K, reserved 1085440K
  class space    used 5113K, capacity 5477K, committed 5544K, reserved 1048576K
}
Event: 100.396 GC heap before
{Heap before GC invocations=13 (full 2):
 PSYoungGen      total 169472K, used 20485K [0x0000000795580000, 0x00000007a1000000, 0x00000007c0000000)
  eden space 159232K, 6% used [0x0000000795580000,0x0000000795ff7e90,0x000000079f100000)
  from space 10240K, 95% used [0x00000007a0600000,0x00000007a0f89870,0x00000007a1000000)
  to   space 14848K, 0% used [0x000000079f300000,0x000000079f300000,0x00000007a0180000)
 ParOldGen       total 73216K, used 21625K [0x0000000740000000, 0x0000000744780000, 0x0000000795580000)
  object space 73216K, 29% used [0x0000000740000000,0x000000074151e558,0x0000000744780000)
 Metaspace       used 39614K, capacity 41354K, committed 41640K, reserved 1085440K
  class space    used 5123K, capacity 5479K, committed 5544K, reserved 1048576K
Event: 100.404 GC heap after
Heap after GC invocations=13 (full 2):
 PSYoungGen      total 159744K, used 160K [0x0000000795580000, 0x00000007a0f00000, 0x00000007c0000000)
  eden space 159232K, 0% used [0x0000000795580000,0x0000000795580000,0x000000079f100000)
  from space 512K, 31% used [0x000000079f300000,0x000000079f328000,0x000000079f380000)
  to   space 15360K, 0% used [0x00000007a0000000,0x00000007a0000000,0x00000007a0f00000)
 ParOldGen       total 73216K, used 26805K [0x0000000740000000, 0x0000000744780000, 0x0000000795580000)
  object space 73216K, 36% used [0x0000000740000000,0x0000000741a2d438,0x0000000744780000)
 Metaspace       used 39614K, capacity 41354K, committed 41640K, reserved 1085440K
  class space    used 5123K, capacity 5479K, committed 5544K, reserved 1048576K
}
Event: 100.404 GC heap before
{Heap before GC invocations=14 (full 3):
 PSYoungGen      total 159744K, used 160K [0x0000000795580000, 0x00000007a0f00000, 0x00000007c0000000)
  eden space 159232K, 0% used [0x0000000795580000,0x0000000795580000,0x000000079f100000)
  from space 512K, 31% used [0x000000079f300000,0x000000079f328000,0x000000079f380000)
  to   space 15360K, 0% used [0x00000007a0000000,0x00000007a0000000,0x00000007a0f00000)
 ParOldGen       total 73216K, used 26805K [0x0000000740000000, 0x0000000744780000, 0x0000000795580000)
  object space 73216K, 36% used [0x0000000740000000,0x0000000741a2d438,0x0000000744780000)
 Metaspace       used 39614K, capacity 41354K, committed 41640K, reserved 1085440K
  class space    used 5123K, capacity 5479K, committed 5544K, reserved 1048576K
Event: 100.601 GC heap after
Heap after GC invocations=14 (full 3):
 PSYoungGen      total 159744K, used 0K [0x0000000795580000, 0x00000007a0f00000, 0x00000007c0000000)
  eden space 159232K, 0% used [0x0000000795580000,0x0000000795580000,0x000000079f100000)
  from space 512K, 0% used [0x000000079f300000,0x000000079f300000,0x000000079f380000)
  to   space 15360K, 0% used [0x00000007a0000000,0x00000007a0000000,0x00000007a0f00000)
 ParOldGen       total 73216K, used 21830K [0x0000000740000000, 0x0000000744780000, 0x0000000795580000)
  object space 73216K, 29% used [0x0000000740000000,0x0000000741551918,0x0000000744780000)
 Metaspace       used 39614K, capacity 41354K, committed 41640K, reserved 1085440K
  class space    used 5123K, capacity 5479K, committed 5544K, reserved 1048576K
}
Event: 186.047 GC heap before
{Heap before GC invocations=15 (full 3):
 PSYoungGen      total 159744K, used 114213K [0x0000000795580000, 0x00000007a0f00000, 0x00000007c0000000)
  eden space 159232K, 71% used [0x0000000795580000,0x000000079c5097d0,0x000000079f100000)
  from space 512K, 0% used [0x000000079f300000,0x000000079f300000,0x000000079f380000)
  to   space 15360K, 0% used [0x00000007a0000000,0x00000007a0000000,0x00000007a0f00000)
 ParOldGen       total 73216K, used 21830K [0x0000000740000000, 0x0000000744780000, 0x0000000795580000)
  object space 73216K, 29% used [0x0000000740000000,0x0000000741551918,0x0000000744780000)
 Metaspace       used 40345K, capacity 42274K, committed 42408K, reserved 1085440K
  class space    used 5157K, capacity 5544K, committed 5544K, reserved 1048576K
Event: 186.054 GC heap after
Heap after GC invocations=15 (full 3):
 PSYoungGen      total 173568K, used 3403K [0x0000000795580000, 0x00000007a0e00000, 0x00000007c0000000)
  eden space 159232K, 0% used [0x0000000795580000,0x0000000795580000,0x000000079f100000)
  from space 14336K, 23% used [0x00000007a0000000,0x00000007a0352d00,0x00000007a0e00000)
  to   space 14848K, 0% used [0x000000079f100000,0x000000079f100000,0x000000079ff80000)
 ParOldGen       total 73216K, used 21838K [0x0000000740000000, 0x0000000744780000, 0x0000000795580000)
  object space 73216K, 29% used [0x0000000740000000,0x0000000741553918,0x0000000744780000)
 Metaspace       used 40345K, capacity 42274K, committed 42408K, reserved 1085440K
  class space    used 5157K, capacity 5544K, committed 5544K, reserved 1048576K
}
Event: 186.054 GC heap before
{Heap before GC invocations=16 (full 4):
 PSYoungGen      total 173568K, used 3403K [0x0000000795580000, 0x00000007a0e00000, 0x00000007c0000000)
  eden space 159232K, 0% used [0x0000000795580000,0x0000000795580000,0x000000079f100000)
  from space 14336K, 23% used [0x00000007a0000000,0x00000007a0352d00,0x00000007a0e00000)
  to   space 14848K, 0% used [0x000000079f100000,0x000000079f100000,0x000000079ff80000)
 ParOldGen       total 73216K, used 21838K [0x0000000740000000, 0x0000000744780000, 0x0000000795580000)
  object space 73216K, 29% used [0x0000000740000000,0x0000000741553918,0x0000000744780000)
 Metaspace       used 40345K, capacity 42274K, committed 42408K, reserved 1085440K
  class space    used 5157K, capacity 5544K, committed 5544K, reserved 1048576K
Event: 186.329 GC heap after
Heap after GC invocations=16 (full 4):
 PSYoungGen      total 173568K, used 0K [0x0000000795580000, 0x00000007a0e00000, 0x00000007c0000000)
  eden space 159232K, 0% used [0x0000000795580000,0x0000000795580000,0x000000079f100000)
  from space 14336K, 0% used [0x00000007a0000000,0x00000007a0000000,0x00000007a0e00000)
  to   space 14848K, 0% used [0x000000079f100000,0x000000079f100000,0x000000079ff80000)
 ParOldGen       total 73216K, used 23186K [0x0000000740000000, 0x0000000744780000, 0x0000000795580000)
  object space 73216K, 31% used [0x0000000740000000,0x00000007416a4a58,0x0000000744780000)
 Metaspace       used 40345K, capacity 42274K, committed 42408K, reserved 1085440K
  class space    used 5157K, capacity 5544K, committed 5544K, reserved 1048576K
}

Deoptimization events (10 events):
Event: 115.673 Thread 0x00007f848344c000 Uncommon trap: reason=unstable_if action=reinterpret pc=0x000000010d3c7b90 method=org.springframework.core.annotation.AnnotationUtils.adaptValue(Ljava/lang/Object;Ljava/lang/Object;ZZ)Ljava/lang/Object; @ 8
Event: 115.727 Thread 0x00007f848344c000 Uncommon trap: reason=unstable_if action=reinterpret pc=0x000000010d29aeac method=java.util.Properties.load0(Ljava/util/Properties$LineReader;)V @ 145
Event: 116.111 Thread 0x00007f848344c000 Uncommon trap: reason=unstable_if action=reinterpret pc=0x000000010d41fd78 method=org.springframework.core.annotation.AnnotationUtils.getAnnotatedMethodsInBaseType(Ljava/lang/Class;)Ljava/util/Set; @ 100
Event: 116.237 Thread 0x00007f84831f1000 Uncommon trap: reason=predicate action=maybe_recompile pc=0x000000010d1277d4 method=java.util.TimSort.countRunAndMakeAscending([Ljava/lang/Object;IILjava/util/Comparator;)I @ 57
Event: 120.927 Thread 0x00007f8481221000 Uncommon trap: reason=class_check action=maybe_recompile pc=0x000000010d58a3a4 method=java.lang.reflect.Executable.getAnnotation(Ljava/lang/Class;)Ljava/lang/annotation/Annotation; @ 19
Event: 120.927 Thread 0x00007f8481221000 Uncommon trap: reason=class_check action=maybe_recompile pc=0x000000010d58a3a4 method=java.lang.reflect.Executable.getAnnotation(Ljava/lang/Class;)Ljava/lang/annotation/Annotation; @ 19
Event: 128.181 Thread 0x00007f848335c800 Uncommon trap: reason=bimorphic action=maybe_recompile pc=0x000000010cd8fd88 method=java.util.concurrent.ConcurrentHashMap.putVal(Ljava/lang/Object;Ljava/lang/Object;Z)Ljava/lang/Object; @ 192
Event: 185.976 Thread 0x00007f848323e000 Uncommon trap: reason=unstable_if action=reinterpret pc=0x000000010d61e468 method=org.springframework.boot.devtools.filewatch.FileSnapshot.equals(Ljava/lang/Object;)Z @ 71
Event: 185.980 Thread 0x00007f848323e000 Uncommon trap: reason=class_check action=maybe_recompile pc=0x000000010d58a3a4 method=java.lang.reflect.Executable.getAnnotation(Ljava/lang/Class;)Ljava/lang/annotation/Annotation; @ 19
Event: 185.980 Thread 0x00007f848323e000 Uncommon trap: reason=class_check action=maybe_recompile pc=0x000000010d58a3a4 method=java.lang.reflect.Executable.getAnnotation(Ljava/lang/Class;)Ljava/lang/annotation/Annotation; @ 19

Classes redefined (0 events):
No events

Internal exceptions (10 events):
Event: 116.263 Thread 0x00007f848344c000 Exception <a 'java/lang/ClassNotFoundException': java/lang/ObjectCustomizer> (0x00000007997c1fa0) thrown at [/Users/java_re/workspace/8-2-build-macosx-x86_64/jdk8u161/10277/hotspot/src/share/vm/classfile/systemDictionary.cpp, line 210]
Event: 116.264 Thread 0x00007f848344c000 Exception <a 'java/lang/ClassNotFoundException': com/sg/powerball/data/TicketJdbcTemplateDaoCustomizer> (0x00000007997d7e60) thrown at [/Users/java_re/workspace/8-2-build-macosx-x86_64/jdk8u161/10277/hotspot/src/share/vm/classfile/systemDictionary.cpp, li
Event: 116.264 Thread 0x00007f848344c000 Exception <a 'java/lang/ClassNotFoundException': com/sg/powerball/data/TicketDaoCustomizer> (0x00000007997eeaa8) thrown at [/Users/java_re/workspace/8-2-build-macosx-x86_64/jdk8u161/10277/hotspot/src/share/vm/classfile/systemDictionary.cpp, line 210]
Event: 116.266 Thread 0x00007f848344c000 Exception <a 'java/lang/ClassNotFoundException': java/lang/ObjectCustomizer> (0x00000007998058e8) thrown at [/Users/java_re/workspace/8-2-build-macosx-x86_64/jdk8u161/10277/hotspot/src/share/vm/classfile/systemDictionary.cpp, line 210]
Event: 116.266 Thread 0x00007f848344c000 Exception <a 'java/lang/ClassNotFoundException': com/sg/powerball/data/MySqlDatabaseCustomizer> (0x000000079981a0d8) thrown at [/Users/java_re/workspace/8-2-build-macosx-x86_64/jdk8u161/10277/hotspot/src/share/vm/classfile/systemDictionary.cpp, line 210]
Event: 120.966 Thread 0x00007f8481221000 Exception <a 'java/lang/ClassNotFoundException': java/lang/ObjectCustomizer> (0x000000079b43b570) thrown at [/Users/java_re/workspace/8-2-build-macosx-x86_64/jdk8u161/10277/hotspot/src/share/vm/classfile/systemDictionary.cpp, line 210]
Event: 120.967 Thread 0x00007f8481221000 Exception <a 'java/lang/ClassNotFoundException': com/sg/powerball/models/SearchCriteriaCustomizer> (0x000000079b4535a8) thrown at [/Users/java_re/workspace/8-2-build-macosx-x86_64/jdk8u161/10277/hotspot/src/share/vm/classfile/systemDictionary.cpp, line 21
Event: 186.036 Thread 0x00007f8483d58000 Exception <a 'java/lang/InterruptedException': sleep interrupted> (0x000000079965c9f8) thrown at [/Users/java_re/workspace/8-2-build-macosx-x86_64/jdk8u161/10277/hotspot/src/share/vm/prims/jvm.cpp, line 3228]
Event: 186.045 Thread 0x00007f8481ec0000 Exception <a 'java/lang/InterruptedException': sleep interrupted> (0x000000079c46a458) thrown at [/Users/java_re/workspace/8-2-build-macosx-x86_64/jdk8u161/10277/hotspot/src/share/vm/prims/jvm.cpp, line 3228]
Event: 186.361 Thread 0x00007f8483c9c800 Exception <a 'java/io/FileNotFoundException'> (0x0000000795870768) thrown at [/Users/java_re/workspace/8-2-build-macosx-x86_64/jdk8u161/10277/hotspot/src/share/vm/prims/jni.cpp, line 709]

Events (10 events):
Event: 201.964 Executing VM operation: RevokeBias
Event: 201.964 Executing VM operation: RevokeBias done
Event: 201.964 Executing VM operation: RevokeBias
Event: 201.964 Executing VM operation: RevokeBias done
Event: 201.966 Executing VM operation: RevokeBias
Event: 201.966 Executing VM operation: RevokeBias done
Event: 201.966 Executing VM operation: BulkRevokeBias
Event: 201.966 Executing VM operation: BulkRevokeBias done
Event: 201.967 Executing VM operation: BulkRevokeBias
Event: 201.967 Executing VM operation: BulkRevokeBias done


Dynamic libraries:
0x0000000028875000 	/System/Library/Frameworks/Cocoa.framework/Versions/A/Cocoa
0x0000000028875000 	/System/Library/Frameworks/Security.framework/Versions/A/Security
0x0000000028875000 	/System/Library/Frameworks/ApplicationServices.framework/Versions/A/ApplicationServices
0x0000000028875000 	/usr/lib/libz.1.dylib
0x0000000028875000 	/usr/lib/libSystem.B.dylib
0x0000000028875000 	/usr/lib/libobjc.A.dylib
0x0000000028875000 	/System/Library/Frameworks/CoreFoundation.framework/Versions/A/CoreFoundation
0x0000000028875000 	/System/Library/Frameworks/Foundation.framework/Versions/C/Foundation
0x0000000028875000 	/System/Library/Frameworks/AppKit.framework/Versions/C/AppKit
0x0000000028875000 	/System/Library/Frameworks/CoreData.framework/Versions/A/CoreData
0x0000000028875000 	/System/Library/PrivateFrameworks/RemoteViewServices.framework/Versions/A/RemoteViewServices
0x0000000028875000 	/System/Library/PrivateFrameworks/UIFoundation.framework/Versions/A/UIFoundation
0x0000000028875000 	/System/Library/PrivateFrameworks/DFRFoundation.framework/Versions/A/DFRFoundation
0x0000000028875000 	/usr/lib/libenergytrace.dylib
0x0000000028875000 	/System/Library/PrivateFrameworks/SkyLight.framework/Versions/A/SkyLight
0x0000000028875000 	/System/Library/Frameworks/CoreGraphics.framework/Versions/A/CoreGraphics
0x0000000028875000 	/usr/lib/libScreenReader.dylib
0x0000000028875000 	/System/Library/Frameworks/Accelerate.framework/Versions/A/Accelerate
0x0000000028875000 	/System/Library/Frameworks/IOSurface.framework/Versions/A/IOSurface
0x0000000028875000 	/System/Library/Frameworks/AudioToolbox.framework/Versions/A/AudioToolbox
0x0000000028875000 	/System/Library/Frameworks/AudioUnit.framework/Versions/A/AudioUnit
0x0000000028875000 	/System/Library/PrivateFrameworks/DataDetectorsCore.framework/Versions/A/DataDetectorsCore
0x0000000028875000 	/System/Library/PrivateFrameworks/DesktopServicesPriv.framework/Versions/A/DesktopServicesPriv
0x0000000028875000 	/System/Library/Frameworks/Carbon.framework/Versions/A/Frameworks/HIToolbox.framework/Versions/A/HIToolbox
0x0000000028875000 	/usr/lib/libicucore.A.dylib
0x0000000028875000 	/System/Library/Frameworks/QuartzCore.framework/Versions/A/QuartzCore
0x0000000028875000 	/System/Library/Frameworks/Carbon.framework/Versions/A/Frameworks/SpeechRecognition.framework/Versions/A/SpeechRecognition
0x0000000028875000 	/usr/lib/libauto.dylib
0x0000000028875000 	/usr/lib/libxml2.2.dylib
0x0000000028875000 	/System/Library/PrivateFrameworks/CoreUI.framework/Versions/A/CoreUI
0x0000000028875000 	/System/Library/Frameworks/CoreAudio.framework/Versions/A/CoreAudio
0x0000000028875000 	/System/Library/Frameworks/DiskArbitration.framework/Versions/A/DiskArbitration
0x0000000028875000 	/usr/lib/liblangid.dylib
0x0000000028875000 	/System/Library/PrivateFrameworks/MultitouchSupport.framework/Versions/A/MultitouchSupport
0x0000000028875000 	/System/Library/Frameworks/IOKit.framework/Versions/A/IOKit
0x0000000028875000 	/usr/lib/libDiagnosticMessagesClient.dylib
0x0000000028875000 	/System/Library/Frameworks/CoreServices.framework/Versions/A/CoreServices
0x0000000028875000 	/System/Library/PrivateFrameworks/PerformanceAnalysis.framework/Versions/A/PerformanceAnalysis
0x0000000028875000 	/System/Library/PrivateFrameworks/GenerationalStorage.framework/Versions/A/GenerationalStorage
0x0000000028875000 	/System/Library/Frameworks/OpenGL.framework/Versions/A/OpenGL
0x0000000028875000 	/System/Library/Frameworks/CoreImage.framework/Versions/A/CoreImage
0x0000000028875000 	/System/Library/Frameworks/CoreText.framework/Versions/A/CoreText
0x0000000028875000 	/System/Library/Frameworks/ImageIO.framework/Versions/A/ImageIO
0x0000000028875000 	/System/Library/PrivateFrameworks/Backup.framework/Versions/A/Backup
0x0000000028875000 	/usr/lib/libarchive.2.dylib
0x0000000028875000 	/System/Library/Frameworks/CFNetwork.framework/Versions/A/CFNetwork
0x0000000028875000 	/System/Library/Frameworks/SystemConfiguration.framework/Versions/A/SystemConfiguration
0x0000000028875000 	/usr/lib/libCRFSuite.dylib
0x0000000028875000 	/usr/lib/libc++.1.dylib
0x0000000028875000 	/usr/lib/libc++abi.dylib
0x0000000028875000 	/usr/lib/system/libcache.dylib
0x0000000028875000 	/usr/lib/system/libcommonCrypto.dylib
0x0000000028875000 	/usr/lib/system/libcompiler_rt.dylib
0x0000000028875000 	/usr/lib/system/libcopyfile.dylib
0x0000000028875000 	/usr/lib/system/libcorecrypto.dylib
0x0000000028875000 	/usr/lib/system/libdispatch.dylib
0x0000000028875000 	/usr/lib/system/libdyld.dylib
0x0000000028875000 	/usr/lib/system/libkeymgr.dylib
0x0000000028875000 	/usr/lib/system/liblaunch.dylib
0x0000000028875000 	/usr/lib/system/libmacho.dylib
0x0000000028875000 	/usr/lib/system/libquarantine.dylib
0x0000000028875000 	/usr/lib/system/libremovefile.dylib
0x0000000028875000 	/usr/lib/system/libsystem_asl.dylib
0x0000000028875000 	/usr/lib/system/libsystem_blocks.dylib
0x0000000028875000 	/usr/lib/system/libsystem_c.dylib
0x0000000028875000 	/usr/lib/system/libsystem_configuration.dylib
0x0000000028875000 	/usr/lib/system/libsystem_coreservices.dylib
0x0000000028875000 	/usr/lib/system/libsystem_coretls.dylib
0x0000000028875000 	/usr/lib/system/libsystem_dnssd.dylib
0x0000000028875000 	/usr/lib/system/libsystem_info.dylib
0x0000000028875000 	/usr/lib/system/libsystem_kernel.dylib
0x0000000028875000 	/usr/lib/system/libsystem_m.dylib
0x0000000028875000 	/usr/lib/system/libsystem_malloc.dylib
0x0000000028875000 	/usr/lib/system/libsystem_network.dylib
0x0000000028875000 	/usr/lib/system/libsystem_networkextension.dylib
0x0000000028875000 	/usr/lib/system/libsystem_notify.dylib
0x0000000028875000 	/usr/lib/system/libsystem_platform.dylib
0x0000000028875000 	/usr/lib/system/libsystem_pthread.dylib
0x0000000028875000 	/usr/lib/system/libsystem_sandbox.dylib
0x0000000028875000 	/usr/lib/system/libsystem_secinit.dylib
0x0000000028875000 	/usr/lib/system/libsystem_symptoms.dylib
0x0000000028875000 	/usr/lib/system/libsystem_trace.dylib
0x0000000028875000 	/usr/lib/system/libunwind.dylib
0x0000000028875000 	/usr/lib/system/libxpc.dylib
0x0000000028875000 	/usr/lib/libbsm.0.dylib
0x0000000028875000 	/usr/lib/system/libkxld.dylib
0x0000000028875000 	/usr/lib/libcoretls.dylib
0x0000000028875000 	/usr/lib/libcoretls_cfhelpers.dylib
0x0000000028875000 	/usr/lib/libOpenScriptingUtil.dylib
0x0000000028875000 	/usr/lib/libpam.2.dylib
0x0000000028875000 	/usr/lib/libsqlite3.dylib
0x0000000028875000 	/usr/lib/libxar.1.dylib
0x0000000028875000 	/usr/lib/libbz2.1.0.dylib
0x0000000028875000 	/usr/lib/liblzma.5.dylib
0x0000000028875000 	/usr/lib/libnetwork.dylib
0x0000000028875000 	/usr/lib/libpcap.A.dylib
0x0000000028875000 	/System/Library/Frameworks/CoreServices.framework/Versions/A/Frameworks/FSEvents.framework/Versions/A/FSEvents
0x0000000028875000 	/System/Library/Frameworks/CoreServices.framework/Versions/A/Frameworks/CarbonCore.framework/Versions/A/CarbonCore
0x0000000028875000 	/System/Library/Frameworks/CoreServices.framework/Versions/A/Frameworks/Metadata.framework/Versions/A/Metadata
0x0000000028875000 	/System/Library/Frameworks/CoreServices.framework/Versions/A/Frameworks/OSServices.framework/Versions/A/OSServices
0x0000000028875000 	/System/Library/Frameworks/CoreServices.framework/Versions/A/Frameworks/SearchKit.framework/Versions/A/SearchKit
0x0000000028875000 	/System/Library/Frameworks/CoreServices.framework/Versions/A/Frameworks/AE.framework/Versions/A/AE
0x0000000028875000 	/System/Library/Frameworks/CoreServices.framework/Versions/A/Frameworks/LaunchServices.framework/Versions/A/LaunchServices
0x0000000028875000 	/System/Library/Frameworks/CoreServices.framework/Versions/A/Frameworks/DictionaryServices.framework/Versions/A/DictionaryServices
0x0000000028875000 	/System/Library/Frameworks/CoreServices.framework/Versions/A/Frameworks/SharedFileList.framework/Versions/A/SharedFileList
0x0000000028875000 	/System/Library/Frameworks/NetFS.framework/Versions/A/NetFS
0x0000000028875000 	/System/Library/PrivateFrameworks/NetAuth.framework/Versions/A/NetAuth
0x0000000028875000 	/System/Library/PrivateFrameworks/login.framework/Versions/A/Frameworks/loginsupport.framework/Versions/A/loginsupport
0x0000000028875000 	/System/Library/PrivateFrameworks/TCC.framework/Versions/A/TCC
0x0000000028875000 	/usr/lib/libmecabra.dylib
0x0000000028875000 	/System/Library/Frameworks/ApplicationServices.framework/Versions/A/Frameworks/ATS.framework/Versions/A/ATS
0x0000000028875000 	/System/Library/Frameworks/ApplicationServices.framework/Versions/A/Frameworks/ColorSync.framework/Versions/A/ColorSync
0x0000000028875000 	/System/Library/Frameworks/ApplicationServices.framework/Versions/A/Frameworks/HIServices.framework/Versions/A/HIServices
0x0000000028875000 	/System/Library/Frameworks/ApplicationServices.framework/Versions/A/Frameworks/LangAnalysis.framework/Versions/A/LangAnalysis
0x0000000028875000 	/System/Library/Frameworks/ApplicationServices.framework/Versions/A/Frameworks/PrintCore.framework/Versions/A/PrintCore
0x0000000028875000 	/System/Library/Frameworks/ApplicationServices.framework/Versions/A/Frameworks/QD.framework/Versions/A/QD
0x0000000028875000 	/System/Library/Frameworks/ApplicationServices.framework/Versions/A/Frameworks/SpeechSynthesis.framework/Versions/A/SpeechSynthesis
0x0000000028875000 	/System/Library/Frameworks/Accelerate.framework/Versions/A/Frameworks/vImage.framework/Versions/A/vImage
0x0000000028875000 	/System/Library/Frameworks/Accelerate.framework/Versions/A/Frameworks/vecLib.framework/Versions/A/vecLib
0x0000000028875000 	/System/Library/Frameworks/Accelerate.framework/Versions/A/Frameworks/vecLib.framework/Versions/A/libvDSP.dylib
0x0000000028875000 	/System/Library/Frameworks/Accelerate.framework/Versions/A/Frameworks/vecLib.framework/Versions/A/libBNNS.dylib
0x0000000028875000 	/System/Library/Frameworks/Accelerate.framework/Versions/A/Frameworks/vecLib.framework/Versions/A/libQuadrature.dylib
0x0000000028875000 	/System/Library/Frameworks/Accelerate.framework/Versions/A/Frameworks/vecLib.framework/Versions/A/libvMisc.dylib
0x0000000028875000 	/System/Library/Frameworks/Accelerate.framework/Versions/A/Frameworks/vecLib.framework/Versions/A/libLAPACK.dylib
0x0000000028875000 	/System/Library/Frameworks/Accelerate.framework/Versions/A/Frameworks/vecLib.framework/Versions/A/libBLAS.dylib
0x0000000028875000 	/System/Library/Frameworks/Accelerate.framework/Versions/A/Frameworks/vecLib.framework/Versions/A/libLinearAlgebra.dylib
0x0000000028875000 	/System/Library/Frameworks/Accelerate.framework/Versions/A/Frameworks/vecLib.framework/Versions/A/libSparseBLAS.dylib
0x0000000028875000 	/System/Library/Frameworks/ApplicationServices.framework/Versions/A/Frameworks/ATS.framework/Versions/A/Resources/libFontParser.dylib
0x0000000028875000 	/System/Library/Frameworks/ApplicationServices.framework/Versions/A/Frameworks/ATS.framework/Versions/A/Resources/libFontRegistry.dylib
0x0000000028875000 	/System/Library/Frameworks/ImageIO.framework/Versions/A/Resources/libJPEG.dylib
0x0000000028875000 	/System/Library/Frameworks/ImageIO.framework/Versions/A/Resources/libTIFF.dylib
0x0000000028875000 	/System/Library/Frameworks/ImageIO.framework/Versions/A/Resources/libPng.dylib
0x0000000028875000 	/System/Library/Frameworks/ImageIO.framework/Versions/A/Resources/libGIF.dylib
0x0000000028875000 	/System/Library/Frameworks/ImageIO.framework/Versions/A/Resources/libJP2.dylib
0x0000000028875000 	/System/Library/Frameworks/ImageIO.framework/Versions/A/Resources/libRadiance.dylib
0x0000000028875000 	/usr/lib/libcompression.dylib
0x0000000028875000 	/System/Library/PrivateFrameworks/AppleJPEG.framework/Versions/A/AppleJPEG
0x0000000028875000 	/usr/lib/libcups.2.dylib
0x0000000028875000 	/System/Library/Frameworks/Kerberos.framework/Versions/A/Kerberos
0x0000000028875000 	/System/Library/Frameworks/GSS.framework/Versions/A/GSS
0x0000000028875000 	/usr/lib/libresolv.9.dylib
0x0000000028875000 	/usr/lib/libiconv.2.dylib
0x0000000028875000 	/System/Library/PrivateFrameworks/Heimdal.framework/Versions/A/Heimdal
0x0000000028875000 	/usr/lib/libheimdal-asn1.dylib
0x0000000028875000 	/System/Library/Frameworks/OpenDirectory.framework/Versions/A/OpenDirectory
0x0000000028875000 	/System/Library/PrivateFrameworks/CommonAuth.framework/Versions/A/CommonAuth
0x0000000028875000 	/System/Library/Frameworks/OpenDirectory.framework/Versions/A/Frameworks/CFOpenDirectory.framework/Versions/A/CFOpenDirectory
0x0000000028875000 	/System/Library/Frameworks/SecurityFoundation.framework/Versions/A/SecurityFoundation
0x0000000028875000 	/System/Library/PrivateFrameworks/LanguageModeling.framework/Versions/A/LanguageModeling
0x0000000028875000 	/usr/lib/libmarisa.dylib
0x0000000028875000 	/usr/lib/libChineseTokenizer.dylib
0x0000000028875000 	/usr/lib/libcmph.dylib
0x0000000028875000 	/System/Library/PrivateFrameworks/CoreEmoji.framework/Versions/A/CoreEmoji
0x0000000028875000 	/System/Library/Frameworks/ServiceManagement.framework/Versions/A/ServiceManagement
0x0000000028875000 	/usr/lib/libxslt.1.dylib
0x0000000028875000 	/System/Library/Frameworks/Carbon.framework/Versions/A/Frameworks/Ink.framework/Versions/A/Ink
0x0000000028875000 	/System/Library/PrivateFrameworks/TextureIO.framework/Versions/A/TextureIO
0x0000000028875000 	/System/Library/Frameworks/Metal.framework/Versions/A/Metal
0x0000000028875000 	/usr/lib/libate.dylib
0x0000000028875000 	/System/Library/PrivateFrameworks/GPUCompiler.framework/libmetal_timestamp.dylib
0x0000000028875000 	/System/Library/Frameworks/OpenGL.framework/Versions/A/Libraries/libCoreFSCache.dylib
0x0000000028875000 	/System/Library/PrivateFrameworks/IOAccelerator.framework/Versions/A/IOAccelerator
0x0000000028875000 	/System/Library/Frameworks/CoreVideo.framework/Versions/A/CoreVideo
0x0000000028875000 	/usr/lib/libFosl_dynamic.dylib
0x0000000028875000 	/System/Library/PrivateFrameworks/MetalPerformanceShaders.framework/Versions/A/MetalPerformanceShaders
0x0000000028875000 	/System/Library/PrivateFrameworks/FaceCore.framework/Versions/A/FaceCore
0x0000000028875000 	/System/Library/Frameworks/OpenCL.framework/Versions/A/OpenCL
0x0000000028875000 	/System/Library/Frameworks/OpenGL.framework/Versions/A/Libraries/libGLU.dylib
0x0000000028875000 	/System/Library/Frameworks/OpenGL.framework/Versions/A/Libraries/libGFXShared.dylib
0x0000000028875000 	/System/Library/Frameworks/OpenGL.framework/Versions/A/Libraries/libGL.dylib
0x0000000028875000 	/System/Library/Frameworks/OpenGL.framework/Versions/A/Libraries/libGLImage.dylib
0x0000000028875000 	/System/Library/Frameworks/OpenGL.framework/Versions/A/Libraries/libCVMSPluginSupport.dylib
0x0000000028875000 	/System/Library/Frameworks/OpenGL.framework/Versions/A/Libraries/libCoreVMClient.dylib
0x0000000028875000 	/System/Library/PrivateFrameworks/CrashReporterSupport.framework/Versions/A/CrashReporterSupport
0x0000000028875000 	/System/Library/PrivateFrameworks/Sharing.framework/Versions/A/Sharing
0x0000000028875000 	/System/Library/PrivateFrameworks/IconServices.framework/Versions/A/IconServices
0x0000000028875000 	/System/Library/PrivateFrameworks/ProtocolBuffer.framework/Versions/A/ProtocolBuffer
0x0000000028875000 	/System/Library/PrivateFrameworks/Apple80211.framework/Versions/A/Apple80211
0x0000000028875000 	/System/Library/Frameworks/CoreWLAN.framework/Versions/A/CoreWLAN
0x0000000028875000 	/System/Library/PrivateFrameworks/CoreUtils.framework/Versions/A/CoreUtils
0x0000000028875000 	/System/Library/Frameworks/IOBluetooth.framework/Versions/A/IOBluetooth
0x0000000028875000 	/System/Library/PrivateFrameworks/CoreWiFi.framework/Versions/A/CoreWiFi
0x0000000028875000 	/System/Library/Frameworks/CoreBluetooth.framework/Versions/A/CoreBluetooth
0x0000000028875000 	/System/Library/Frameworks/CoreDisplay.framework/Versions/A/CoreDisplay
0x0000000028875000 	/System/Library/PrivateFrameworks/IOPresentment.framework/Versions/A/IOPresentment
0x0000000028875000 	/System/Library/PrivateFrameworks/DSExternalDisplay.framework/Versions/A/DSExternalDisplay
0x0000000028875000 	/System/Library/PrivateFrameworks/DebugSymbols.framework/Versions/A/DebugSymbols
0x0000000028875000 	/System/Library/PrivateFrameworks/CoreSymbolication.framework/Versions/A/CoreSymbolication
0x0000000028875000 	/System/Library/PrivateFrameworks/Symbolication.framework/Versions/A/Symbolication
0x0000000028875000 	/System/Library/PrivateFrameworks/AppleFSCompression.framework/Versions/A/AppleFSCompression
0x0000000028875000 	/System/Library/PrivateFrameworks/SpeechRecognitionCore.framework/Versions/A/SpeechRecognitionCore
0x0000000028875000 	/System/Library/PrivateFrameworks/ChunkingLibrary.framework/Versions/A/ChunkingLibrary
0x0000000102000000 	/Library/Java/JavaVirtualMachines/jdk1.8.0_161.jdk/Contents/Home/jre/lib/server/libjvm.dylib
0x0000000028875000 	/usr/lib/libstdc++.6.dylib
0x000000010165b000 	/Library/Java/JavaVirtualMachines/jdk1.8.0_161.jdk/Contents/Home/jre/lib/libverify.dylib
0x0000000101669000 	/Library/Java/JavaVirtualMachines/jdk1.8.0_161.jdk/Contents/Home/jre/lib/libjava.dylib
0x00000001016a9000 	/Library/Java/JavaVirtualMachines/jdk1.8.0_161.jdk/Contents/Home/jre/lib/libzip.dylib
0x000000010b77f000 	/Library/Java/JavaVirtualMachines/jdk1.8.0_161.jdk/Contents/Home/jre/lib/libmanagement.dylib
0x000000010b78d000 	/Library/Java/JavaVirtualMachines/jdk1.8.0_161.jdk/Contents/Home/jre/lib/libnet.dylib
0x000000010b320000 	/Library/Java/JavaVirtualMachines/jdk1.8.0_161.jdk/Contents/Home/jre/lib/libnio.dylib

VM Arguments:
java_command: com.sg.powerball.App
java_class_path (initial): /Users/emmastout/Documents/SoftwareGuild/emma-stout-individual-work/Powerball/target/classes:/Users/emmastout/.m2/repository/org/springframework/boot/spring-boot-starter-web/2.0.2.RELEASE/spring-boot-starter-web-2.0.2.RELEASE.jar:/Users/emmastout/.m2/repository/org/springframework/boot/spring-boot-starter/2.0.2.RELEASE/spring-boot-starter-2.0.2.RELEASE.jar:/Users/emmastout/.m2/repository/org/springframework/boot/spring-boot-starter-logging/2.0.2.RELEASE/spring-boot-starter-logging-2.0.2.RELEASE.jar:/Users/emmastout/.m2/repository/ch/qos/logback/logback-classic/1.2.3/logback-classic-1.2.3.jar:/Users/emmastout/.m2/repository/ch/qos/logback/logback-core/1.2.3/logback-core-1.2.3.jar:/Users/emmastout/.m2/repository/org/apache/logging/log4j/log4j-to-slf4j/2.10.0/log4j-to-slf4j-2.10.0.jar:/Users/emmastout/.m2/repository/org/apache/logging/log4j/log4j-api/2.10.0/log4j-api-2.10.0.jar:/Users/emmastout/.m2/repository/org/slf4j/jul-to-slf4j/1.7.25/jul-to-slf4j-1.7.25.jar:/Users/emmastout/.m2/repository/javax/annotation/javax.annotation-api/1.3.2/javax.annotation-api-1.3.2.jar:/Users/emmastout/.m2/repository/org/yaml/snakeyaml/1.19/snakeyaml-1.19.jar:/Users/emmastout/.m2/repository/org/springframework/boot/spring-boot-starter-json/2.0.2.RELEASE/spring-boot-starter-json-2.0.2.RELEASE.jar:/Users/emmastout/.m2/repository/com/fasterxml/jackson/core/jackson-databind/2.9.5/jackson-databind-2.9.5.jar:/Users/emmastout/.m2/repository/com/fasterxml/jackson/core/jackson-annotations/2.9.0/jackson-annotations-2.9.0.jar:/Users/emmastout/.m2/repository/com/fasterxml/jackson/core/jackson-core/2.9.5/jackson-core-2.9.5.jar:/Users/emmastout/.m2/repository/com/fasterxml/jackson/datatype/jackson-datatype-jdk8/2.9.5/jackson-datatype-jdk8-2.9.5.jar:/Users/emmastout/.m2/repository/com/fasterxml/jackson/datatype/jackson-datatype-jsr310/2.9.5/jackson-datatype-jsr310-2.9.5.jar:/Users/emmastout/.m2/repository/com/fasterxml/jackson/module/jackson-module-parameter-names/2.9.5/jac
Launcher Type: SUN_STANDARD

Environment Variables:
JAVA_HOME=/Library/Java/JavaVirtualMachines/jdk1.8.0_161.jdk/Contents/Home
PATH=/usr/bin:/bin:/usr/sbin:/sbin
SHELL=/bin/bash

Signal Handlers:
SIGSEGV: [libjvm.dylib+0x5b5439], sa_mask[0]=11111111011111110111111111111111, sa_flags=SA_ONSTACK|SA_RESTART|SA_SIGINFO
SIGBUS: [libjvm.dylib+0x5b5439], sa_mask[0]=11111111011111110111111111111111, sa_flags=SA_RESTART|SA_SIGINFO
SIGFPE: [libjvm.dylib+0x48ae24], sa_mask[0]=11111111011111110111111111111111, sa_flags=SA_RESTART|SA_SIGINFO
SIGPIPE: [libjvm.dylib+0x48ae24], sa_mask[0]=11111111011111110111111111111111, sa_flags=SA_RESTART|SA_SIGINFO
SIGXFSZ: [libjvm.dylib+0x48ae24], sa_mask[0]=11111111011111110111111111111111, sa_flags=SA_RESTART|SA_SIGINFO
SIGILL: [libjvm.dylib+0x48ae24], sa_mask[0]=11111111011111110111111111111111, sa_flags=SA_RESTART|SA_SIGINFO
SIGUSR1: SIG_DFL, sa_mask[0]=00000000000000000000000000000000, sa_flags=none
SIGUSR2: [libjvm.dylib+0x48a942], sa_mask[0]=00100000000000000000000000000000, sa_flags=SA_RESTART|SA_SIGINFO
SIGHUP: [libjvm.dylib+0x488f0d], sa_mask[0]=11111111011111110111111111111111, sa_flags=SA_RESTART|SA_SIGINFO
SIGINT: SIG_IGN, sa_mask[0]=00000000000000000000000000000000, sa_flags=none
SIGTERM: [libjvm.dylib+0x488f0d], sa_mask[0]=11111111011111110111111111111111, sa_flags=SA_RESTART|SA_SIGINFO
SIGQUIT: [libjvm.dylib+0x488f0d], sa_mask[0]=11111111011111110111111111111111, sa_flags=SA_RESTART|SA_SIGINFO


---------------  S Y S T E M  ---------------

OS:Bsduname:Darwin 16.7.0 Darwin Kernel Version 16.7.0: Tue Jan 30 11:27:06 PST 2018; root:xnu-3789.73.11~1/RELEASE_X86_64 x86_64
rlimit: STACK 8192k, CORE 0k, NPROC 709, NOFILE 10240, AS infinity
load average:2.25 2.07 2.13

CPU:total 4 (initial active 4) (2 cores per cpu, 2 threads per core) family 6 model 61 stepping 4, cmov, cx8, fxsr, mmx, sse, sse2, sse3, ssse3, sse4.1, sse4.2, popcnt, avx, avx2, aes, clmul, erms, 3dnowpref, lzcnt, ht, tsc, tscinvbit, bmi1, bmi2, adx

Memory: 4k page, physical 8388608k(266848k free)

/proc/meminfo:


vm_info: Java HotSpot(TM) 64-Bit Server VM (25.161-b12) for bsd-amd64 JRE (1.8.0_161-b12), built on Dec 19 2017 16:22:20 by "java_re" with gcc 4.2.1 (Based on Apple Inc. build 5658) (LLVM build 2336.11.00)

time: Mon May 28 17:12:49 2018
elapsed time: 202 seconds (0d 0h 3m 22s)

